2023-03-10 14:47:03 autocomment成功

开始自动评论
2023-03-10 14:48:03 autocomment成功

开始自动评论
超出自动评论每日时间
2023-03-10 14:49:02 autocomment成功

开始自动评论
超出自动评论每日时间
2023-03-10 14:50:02 autocomment成功

开始自动评论
1970-01-02 00:00:00 1970-01-01 20:00:00 1970-01-01 14:51:02
超出自动评论每日时间
2023-03-10 14:51:02 autocomment成功

开始自动评论
1970-01-02 01:00:00 1970-01-01 20:00:00 1970-01-01 14:52:04
超出自动评论每日时间
2023-03-10 14:52:04 autocomment成功

开始自动评论
1970-01-02 01:00:00 1970-01-01 20:00:00 1970-01-01 14:53:03
超出自动评论每日时间
2023-03-10 14:53:03 autocomment成功

开始自动评论
1970-01-02 02:52:56 1970-01-01 20:00:00 1970-01-01 14:54:02
超出自动评论每日时间
2023-03-10 14:54:02 autocomment成功

开始自动评论
超出自动评论时间间隔
2023-03-10 14:55:03 autocomment成功

开始自动评论
1970-01-02 05:53:43 1970-01-01 20:00:00 1970-01-01 14:56:02
78823 43200 24962
超出自动评论每日时间
2023-03-10 14:56:02 autocomment成功

开始自动评论
1970-01-02 05:53:43 1970-01-01 20:00:00 1970-01-01 14:57:02
78823 43200 25022
超出自动评论每日时间
2023-03-10 14:57:02 autocomment成功

开始自动评论
1970-01-02 05:53:43 1970-01-01 20:00:00 1970-01-01 14:58:02
78823 43200 25082
超出自动评论每日时间
2023-03-10 14:58:02 autocomment成功

开始自动评论
1970-01-02 05:53:43 1970-01-01 20:00:00 1970-01-01 14:59:02
78823 43200 25142
超出自动评论每日时间
2023-03-10 14:59:02 autocomment成功

开始自动评论
1970-01-02 05:53:43 1970-01-01 20:00:00 1970-01-01 15:00:02
78823 43200 25202
1678398823 86400 78823
超出自动评论每日时间
2023-03-10 15:00:02 autocomment成功

开始自动评论
1970-01-02 05:53:43 1970-01-01 20:00:00 1970-01-01 15:01:02
78823 43200 25262
1678398823 86400 78823
超出自动评论每日时间
2023-03-10 15:01:02 autocomment成功

开始自动评论
1970-01-01 08:00:00 1970-01-01 20:00:00 1970-01-01 15:02:02
0 43200 25322
1678406400 86400 0
超出自动评论时间间隔
2023-03-10 15:02:02 autocomment成功

开始自动评论
1970-01-01 08:00:00 1970-01-01 20:00:00 1970-01-01 15:03:02
0 43200 25382
1678406400 86400 0
2023-03-10 15:03:02 autocomment成功

开始自动评论
2023-03-10 15:04:02 autocomment成功

开始自动评论
2023-03-10 15:05:02 autocomment成功

开始自动评论
2023-03-10 15:06:02 autocomment成功

开始自动评论
2023-03-10 15:07:02 autocomment成功

开始自动评论
2023-03-10 15:08:02 autocomment成功

开始自动评论
2023-03-10 15:09:02 autocomment成功

2023-03-10 15:10:02 2023-03-10 15:11:02 2023-03-10 15:12:02 超出自动评论数量限额
2023-03-10 15:13:02 超出自动评论数量限额
2023-03-10 15:14:02 超出自动评论数量限额
2023-03-10 15:15:03 超出自动评论数量限额
2023-03-10 15:16:02 超出自动评论数量限额
2023-03-10 15:17:02 超出自动评论数量限额
2023-03-10 15:18:02 超出自动评论数量限额
2023-03-10 15:19:02 超出自动评论数量限额
2023-03-10 15:20:02 超出自动评论数量限额
2023-03-10 15:21:03 超出自动评论数量限额
2023-03-10 15:22:02 超出自动评论时间间隔
2023-03-10 15:23:02 超出自动评论时间间隔
2023-03-10 15:24:02 超出自动评论时间间隔
2023-03-10 15:25:03 超出自动评论时间间隔
2023-03-10 15:26:02 超出自动评论时间间隔
2023-03-10 15:27:03 超出自动评论时间间隔
2023-03-10 15:28:02 超出自动评论时间间隔
2023-03-10 15:29:02 超出自动评论时间间隔
2023-03-10 15:30:02 2023-03-10 15:30:02 autocomment失败 Field 'id' expected a number but got 'wxtest6'.

2023-03-10 15:31:02 2023-03-10 15:31:02 autocomment失败 Field 'id' expected a number but got 'wxtest6'.

2023-03-10 15:32:02 2023-03-10 15:32:02 autocomment失败 Field 'id' expected a number but got 'wxtest6'.

2023-03-10 15:33:02 2023-03-10 15:33:02 autocomment失败 Field 'id' expected a number but got 'wxtest6'.

2023-03-10 15:34:02 2023-03-10 15:34:02 超出自动评论时间间隔
2023-03-10 15:35:02 2023-03-10 15:35:02 超出自动评论时间间隔
2023-03-10 15:36:02 2023-03-10 15:36:02 超出自动评论时间间隔
2023-03-10 15:37:02 2023-03-10 15:37:02 超出自动评论时间间隔
2023-03-10 15:38:02 2023-03-10 15:38:02 超出自动评论时间间隔
2023-03-10 15:39:02 2023-03-10 15:39:02 超出自动评论时间间隔
2023-03-10 15:40:02 2023-03-10 15:40:02 2023-03-10 15:41:02 33 2023-03-10 15:41:02 26 2023-03-10 15:42:02 33 2023-03-10 15:42:02 26 2023-03-10 15:43:02 33 2023-03-10 15:43:02 26 
2023-03-10 15:44:03 33 2023-03-10 15:44:03 26 
2023-03-10 15:45:02 33 超出自动评论时间间隔
2023-03-10 15:45:02 26 超出自动评论时间间隔

2023-03-10 15:46:02 33 2023-03-10 15:46:02 26 
2023-03-10 15:47:02 33 2023-03-10 15:47:02 26 
2023-03-10 15:48:02 33 2023-03-10 15:48:02 26 
2023-03-10 15:49:03 33 2023-03-10 15:49:03 26 
2023-03-10 15:50:02 33 超出自动评论时间间隔
2023-03-10 15:50:02 26 超出自动评论时间间隔

2023-03-10 15:51:02 33 2023-03-10 15:51:02 26 
2023-03-10 15:54:02 33 超出自动评论时间间隔
2023-03-10 15:54:02 26 超出自动评论时间间隔

2023-03-10 15:55:02 33 2023-03-10 15:55:02 26 
2023-03-10 15:56:02 33 2023-03-10 15:56:02 26 
2023-03-10 15:57:02 33 2023-03-10 15:57:02 26 
2023-03-10 15:58:02 33 2023-03-10 15:58:02 26 
2023-03-10 15:59:02 33 2023-03-10 15:59:02 26 
2023-03-10 16:00:03 33 2023-03-10 16:00:03 26 
2023-03-10 16:01:02 33 超出自动评论时间间隔
2023-03-10 16:01:02 26 超出自动评论时间间隔

2023-03-10 16:02:02 33 2023-03-10 16:02:02 26 
2023-03-10 16:03:02 33 2023-03-10 16:03:02 26 
2023-03-10 16:04:03 33 2023-03-10 16:04:03 26 
2023-03-10 16:05:02 33 超出自动评论时间间隔
2023-03-10 16:05:02 26 超出自动评论时间间隔

2023-03-10 16:06:02 33 2023-03-10 16:06:02 26 
2023-03-10 16:07:02 33 2023-03-10 16:07:02 26 
2023-03-10 16:08:02 33 2023-03-10 16:08:02 26 
2023-03-10 16:09:02 33 2023-03-10 16:09:02 26 
2023-03-10 16:10:03 33 2023-03-10 16:10:03 26 
2023-03-10 16:11:02 33 超出自动评论时间间隔
2023-03-10 16:11:02 26 超出自动评论时间间隔

2023-03-10 16:12:03 33 2023-03-10 16:12:03 26 
2023-03-10 16:13:02 33 超出自动评论时间间隔
2023-03-10 16:13:02 26 超出自动评论时间间隔

2023-03-10 16:14:03 33 2023-03-10 16:14:03 26 
2023-03-10 16:15:03 33 2023-03-10 16:15:03 26 
2023-03-10 16:16:02 33 超出自动评论时间间隔
2023-03-10 16:16:02 26 超出自动评论时间间隔

2023-03-10 16:17:02 33 2023-03-10 16:17:02 26 
2023-03-10 16:18:02 33 2023-03-10 16:18:02 26 
2023-03-10 16:19:02 33 2023-03-10 16:19:02 26 
2023-03-10 16:20:03 33 2023-03-10 16:20:03 26 
2023-03-10 16:21:02 33 超出自动评论时间间隔
2023-03-10 16:21:02 26 超出自动评论时间间隔

2023-03-10 16:22:02 33 2023-03-10 16:22:02 26 
2023-03-10 16:23:03 33 2023-03-10 16:23:03 26 
2023-03-10 16:24:02 33 超出自动评论时间间隔
2023-03-10 16:24:02 26 超出自动评论时间间隔

2023-03-10 16:25:03 33 2023-03-10 16:25:03 26 
2023-03-10 16:26:03 33 2023-03-10 16:26:03 26 
2023-03-10 16:27:03 33 2023-03-10 16:27:03 26 
